<?xml version="1.0" encoding="UTF-8"?>
<!-- Generated by org.testng.reporters.JUnitReportReporter -->
<testsuite hostname="DESKTOP-FUGQNF4" failures="0" tests="1" name="com.spicejet.tests.SpicejetTest" time="13.239" errors="0" timestamp="2023-09-10T04:07:08 EDT" skipped="0">
  <testcase classname="com.spicejet.tests.SpicejetTest" name="browserLaunch" time="13.239"/>
  <system-out/>
</testsuite> <!-- com.spicejet.tests.SpicejetTest -->
