<?xml version="1.0" encoding="UTF-8"?>
<!-- Generated by org.testng.reporters.JUnitReportReporter -->
<testsuite hostname="DESKTOP-FUGQNF4" failures="0" tests="1" name="com.spicejet.tests.SpicejetRoundTripTest" time="111.918" errors="0" timestamp="2023-09-10T03:06:38 EDT" skipped="0">
  <testcase classname="com.spicejet.tests.SpicejetRoundTripTest" name="SearchRoundTripFlight" time="111.918"/>
  <system-out/>
</testsuite> <!-- com.spicejet.tests.SpicejetRoundTripTest -->
