<?xml version="1.0" encoding="UTF-8"?>
<!-- Generated by org.testng.reporters.JUnitReportReporter -->
<testsuite hostname="DESKTOP-FUGQNF4" failures="0" tests="1" name="com.spicejet.tests.SpicejetSignUpTest" time="69.130" errors="0" timestamp="2023-09-10T01:57:28 EDT" skipped="0">
  <testcase classname="com.spicejet.tests.SpicejetSignUpTest" name="signUpPage" time="69.130"/>
  <system-out/>
</testsuite> <!-- com.spicejet.tests.SpicejetSignUpTest -->
