<?xml version="1.0" encoding="UTF-8"?>
<!-- Generated by org.testng.reporters.JUnitReportReporter -->
<testsuite hostname="DESKTOP-FUGQNF4" failures="0" tests="1" name="com.spicejet.tests.SpicejetTest" time="11.775" errors="0" timestamp="2023-09-10T03:55:51 EDT" skipped="0">
  <testcase classname="com.spicejet.tests.SpicejetTest" name="browserLaunch" time="11.775"/>
  <system-out/>
</testsuite> <!-- com.spicejet.tests.SpicejetTest -->
