<?xml version="1.0" encoding="UTF-8"?>
<!-- Generated by org.testng.reporters.JUnitReportReporter -->
<testsuite hostname="DESKTOP-FUGQNF4" failures="0" tests="1" name="com.spicejet.tests.SpicejetLogin_NegativeTest" time="248.410" errors="0" timestamp="2023-09-10T03:55:51 EDT" skipped="0">
  <testcase classname="com.spicejet.tests.SpicejetLogin_NegativeTest" name="loginInvalidCred" time="248.410"/>
  <system-out/>
</testsuite> <!-- com.spicejet.tests.SpicejetLogin_NegativeTest -->
