<?xml version="1.0" encoding="UTF-8"?>
<!-- Generated by org.testng.reporters.JUnitReportReporter -->
<testsuite hostname="DESKTOP-FUGQNF4" failures="0" tests="1" name="com.spicejet.tests.SpicejetLoginTest" time="81.544" errors="0" timestamp="2023-09-10T15:17:27 EDT" skipped="0">
  <testcase classname="com.spicejet.tests.SpicejetLoginTest" name="loginSpiceJet" time="81.544"/>
  <system-out/>
</testsuite> <!-- com.spicejet.tests.SpicejetLoginTest -->
